Day7-8/Week 3/aad-3-assignment-2/app/build/intermediates/manifest_merge_blame_file/debug/manifest-merger-blame-debug-report.txt
1<?xml version="1.0" encoding="utf-8"?>
2<manifest xmlns:android="http://schemas.android.com/apk/res/android"
3    package="vandy.mooc.aad_3_assignment_2"
4    android:versionCode="1"
5    android:versionName="1.0" >
6
7    <uses-sdk
8        android:minSdkVersion="23"
8-->src\main\AndroidManifest.xml
9        android:targetSdkVersion="30" />
9-->src\main\AndroidManifest.xml
10
11    <!-- Required for fetching feed data. -->
12    <uses-permission android:name="android.permission.INTERNET" />
12-->src\main\AndroidManifest.xml:7:5-66
12-->src\main\AndroidManifest.xml:7:22-64
13
14    <application
14-->src\main\AndroidManifest.xml:9:5-32:19
15        android:allowBackup="true"
15-->src\main\AndroidManifest.xml:10:9-35
16        android:appComponentFactory="androidx.core.app.CoreComponentFactory"
16-->[androidx.core:core:1.1.0] AndroidManifest.xml:24:18-86
17        android:debuggable="true"
18        android:extractNativeLibs="false"
19        android:fullBackupContent="@xml/my_backup_rules"
19-->src\main\AndroidManifest.xml:11:9-57
20        android:icon="@mipmap/ic_launcher"
20-->src\main\AndroidManifest.xml:12:9-43
21        android:label="@string/app_name"
21-->src\main\AndroidManifest.xml:13:9-41
22        android:supportsRtl="true"
22-->src\main\AndroidManifest.xml:14:9-35
23        android:testOnly="true"
24        android:theme="@style/AppTheme" >
24-->src\main\AndroidManifest.xml:15:9-40
25
26        <!-- Main activity, responsible for showing a list of feed entries. -->
27        <activity
27-->src\main\AndroidManifest.xml:18:9-25:20
28            android:name="edu.vandy.mooc.aad3.assignment.activities.MainActivity"
28-->src\main\AndroidManifest.xml:19:13-82
29            android:label="@string/app_name" >
29-->src\main\AndroidManifest.xml:20:13-45
30            <intent-filter>
30-->src\main\AndroidManifest.xml:21:13-24:29
31                <action android:name="android.intent.action.MAIN" />
31-->src\main\AndroidManifest.xml:22:17-68
31-->src\main\AndroidManifest.xml:22:25-66
32
33                <category android:name="android.intent.category.LAUNCHER" />
33-->src\main\AndroidManifest.xml:23:17-76
33-->src\main\AndroidManifest.xml:23:27-74
34            </intent-filter>
35        </activity>
36
37        <!-- This is the service that downloads the feed data from YouTube. -->
38        <!-- changes the process of service, to be different than the UI process -->
39        <service android:name="edu.vandy.mooc.aad3.assignment.services.DownloadAtomFeedService" />
39-->src\main\AndroidManifest.xml:29:9-30:94
39-->src\main\AndroidManifest.xml:30:13-91
40        <!-- android:process=":test_service_process"/> -->
41    </application>
42
43</manifest>